\BOOKMARK [1][-]{section.1}{Measures}{}% 1
\BOOKMARK [2][-]{subsection.1.1}{Motivation}{section.1}% 2
\BOOKMARK [2][-]{subsection.1.2}{"σ-algebras}{section.1}% 3
\BOOKMARK [2][-]{subsection.1.3}{Measures}{section.1}% 4
\BOOKMARK [2][-]{subsection.1.4}{Completion\040of\040Measure\040Spaces}{section.1}% 5
\BOOKMARK [2][-]{subsection.1.5}{Construction\040of\040Measures}{section.1}% 6
\BOOKMARK [2][-]{subsection.1.6}{Lebesgue-Stieltjes Measures on `3́9`42`"̇613A``45`47`"603AR}{section.1}% 7
\BOOKMARK [1][-]{section.2}{Measurable\040Functions}{}% 8
\BOOKMARK [2][-]{subsection.2.1}{Measurable\040Functions}{section.2}% 9
\BOOKMARK [2][-]{subsection.2.2}{Simple\040Approximation}{section.2}% 10
\BOOKMARK [2][-]{subsection.2.3}{Two\040Theorems}{section.2}% 11
\BOOKMARK [1][-]{section.3}{Integration}{}% 12
\BOOKMARK [2][-]{subsection.3.1}{Nonnegative\040Measurable\040Functions}{section.3}% 13
\BOOKMARK [2][-]{subsection.3.2}{Nonnegative\040Limit\040Theorems}{section.3}% 14
\BOOKMARK [2][-]{subsection.3.3}{General\040Integration}{section.3}% 15
\BOOKMARK [2][-]{subsection.3.4}{Spaces\040of\040Integrable\040Functions}{section.3}% 16
\BOOKMARK [1][-]{section.4}{Product\040Measures}{}% 17
\BOOKMARK [2][-]{subsection.4.1}{Product\040Measures}{section.4}% 18
\BOOKMARK [2][-]{subsection.4.2}{Product\040Integration}{section.4}% 19
\BOOKMARK [1][-]{section.5}{Differentiation}{}% 20
\BOOKMARK [2][-]{subsection.5.1}{Introduction}{section.5}% 21
\BOOKMARK [2][-]{subsection.5.2}{Bounded\040Variation\040and\040Absolute\040Continuity}{section.5}% 22
\BOOKMARK [1][-]{section.6}{Measure\040Decomposition}{}% 23
\BOOKMARK [2][-]{subsection.6.1}{Signed\040Measure}{section.6}% 24
\BOOKMARK [2][-]{subsection.6.2}{Decomposing\040Measures}{section.6}% 25
\BOOKMARK [1][-]{section.7}{`3́9`42`"̇613A``45`47`"603ALp Spaces}{}% 26
\BOOKMARK [2][-]{subsection.7.1}{`3́9`42`"̇613A``45`47`"603ALp Spaces}{section.7}% 27
